# JRE version: Java(TM) SE Runtime Environment (8.0_91-b15) (build 1.8.0_91-b15)
# Java VM: Java HotSpot(TM) 64-Bit Server VM (25.91-b15 mixed mode windows-amd64 compressed oops)
Heap:
 PSYoungGen      total 67584K, used 24919K [0x00000000d7d80000, 0x00000000dc480000, 0x0000000100000000)
  eden space 62464K, 31% used [0x00000000d7d80000,0x00000000d90d8dd8,0x00000000dba80000)
  from space 5120K, 99% used [0x00000000dba80000,0x00000000dbf7d010,0x00000000dbf80000)
  to   space 5120K, 0% used [0x00000000dbf80000,0x00000000dbf80000,0x00000000dc480000)
 ParOldGen       total 58880K, used 17273K [0x0000000087800000, 0x000000008b180000, 0x00000000d7d80000)
  object space 58880K, 29% used [0x0000000087800000,0x00000000888de510,0x000000008b180000)
 Metaspace       used 30838K, capacity 31766K, committed 32128K, reserved 1077248K
  class space    used 4243K, capacity 4617K, committed 4736K, reserved 1048576K
GC Heap History (10 events):
Event: 1.961 GC heap before
{Heap before GC invocations=4 (full 0):
 PSYoungGen      total 36352K, used 36320K [0x00000000d7d80000, 0x00000000dc480000, 0x0000000100000000)
  eden space 31232K, 100% used [0x00000000d7d80000,0x00000000d9c00000,0x00000000d9c00000)
  from space 5120K, 99% used [0x00000000d9c00000,0x00000000da0f8070,0x00000000da100000)
  to   space 5120K, 0% used [0x00000000dbf80000,0x00000000dbf80000,0x00000000dc480000)
 ParOldGen       total 83456K, used 6341K [0x0000000087800000, 0x000000008c980000, 0x00000000d7d80000)
  object space 83456K, 7% used [0x0000000087800000,0x0000000087e31768,0x000000008c980000)
 Metaspace       used 20154K, capacity 20428K, committed 20608K, reserved 1067008K
  class space    used 2744K, capacity 2860K, committed 2944K, reserved 1048576K
Event: 1.970 GC heap after
Heap after GC invocations=4 (full 0):
 PSYoungGen      total 67584K, used 5104K [0x00000000d7d80000, 0x00000000dc480000, 0x0000000100000000)
  eden space 62464K, 0% used [0x00000000d7d80000,0x00000000d7d80000,0x00000000dba80000)
  from space 5120K, 99% used [0x00000000dbf80000,0x00000000dc47c060,0x00000000dc480000)
  to   space 5120K, 0% used [0x00000000dba80000,0x00000000dba80000,0x00000000dbf80000)
 ParOldGen       total 83456K, used 10148K [0x0000000087800000, 0x000000008c980000, 0x00000000d7d80000)
  object space 83456K, 12% used [0x0000000087800000,0x00000000881e9370,0x000000008c980000)
 Metaspace       used 20154K, capacity 20428K, committed 20608K, reserved 1067008K
  class space    used 2744K, capacity 2860K, committed 2944K, reserved 1048576K
}
Event: 2.095 GC heap before
{Heap before GC invocations=5 (full 0):
 PSYoungGen      total 67584K, used 17620K [0x00000000d7d80000, 0x00000000dc480000, 0x0000000100000000)
  eden space 62464K, 20% used [0x00000000d7d80000,0x00000000d89b9068,0x00000000dba80000)
  from space 5120K, 99% used [0x00000000dbf80000,0x00000000dc47c060,0x00000000dc480000)
  to   space 5120K, 0% used [0x00000000dba80000,0x00000000dba80000,0x00000000dbf80000)
 ParOldGen       total 83456K, used 10148K [0x0000000087800000, 0x000000008c980000, 0x00000000d7d80000)
  object space 83456K, 12% used [0x0000000087800000,0x00000000881e9370,0x000000008c980000)
 Metaspace       used 20773K, capacity 21052K, committed 21248K, reserved 1067008K
  class space    used 2844K, capacity 2959K, committed 3072K, reserved 1048576K
Event: 2.100 GC heap after
Heap after GC invocations=5 (full 0):
 PSYoungGen      total 67584K, used 5104K [0x00000000d7d80000, 0x00000000dc480000, 0x0000000100000000)
  eden space 62464K, 0% used [0x00000000d7d80000,0x00000000d7d80000,0x00000000dba80000)
  from space 5120K, 99% used [0x00000000dba80000,0x00000000dbf7c060,0x00000000dbf80000)
  to   space 5120K, 0% used [0x00000000dbf80000,0x00000000dbf80000,0x00000000dc480000)
 ParOldGen       total 83456K, used 11541K [0x0000000087800000, 0x000000008c980000, 0x00000000d7d80000)
  object space 83456K, 13% used [0x0000000087800000,0x00000000883457a0,0x000000008c980000)
 Metaspace       used 20773K, capacity 21052K, committed 21248K, reserved 1067008K
  class space    used 2844K, capacity 2959K, committed 3072K, reserved 1048576K
}
Event: 2.100 GC heap before
{Heap before GC invocations=6 (full 1):
 PSYoungGen      total 67584K, used 5104K [0x00000000d7d80000, 0x00000000dc480000, 0x0000000100000000)
  eden space 62464K, 0% used [0x00000000d7d80000,0x00000000d7d80000,0x00000000dba80000)
  from space 5120K, 99% used [0x00000000dba80000,0x00000000dbf7c060,0x00000000dbf80000)
  to   space 5120K, 0% used [0x00000000dbf80000,0x00000000dbf80000,0x00000000dc480000)
 ParOldGen       total 83456K, used 11541K [0x0000000087800000, 0x000000008c980000, 0x00000000d7d80000)
  object space 83456K, 13% used [0x0000000087800000,0x00000000883457a0,0x000000008c980000)
 Metaspace       used 20773K, capacity 21052K, committed 21248K, reserved 1067008K
  class space    used 2844K, capacity 2959K, committed 3072K, reserved 1048576K
Event: 2.135 GC heap after
Heap after GC invocations=6 (full 1):
 PSYoungGen      total 67584K, used 0K [0x00000000d7d80000, 0x00000000dc480000, 0x0000000100000000)
  eden space 62464K, 0% used [0x00000000d7d80000,0x00000000d7d80000,0x00000000dba80000)
  from space 5120K, 0% used [0x00000000dba80000,0x00000000dba80000,0x00000000dbf80000)
  to   space 5120K, 0% used [0x00000000dbf80000,0x00000000dbf80000,0x00000000dc480000)
 ParOldGen       total 58880K, used 8590K [0x0000000087800000, 0x000000008b180000, 0x00000000d7d80000)
  object space 58880K, 14% used [0x0000000087800000,0x0000000088063b80,0x000000008b180000)
 Metaspace       used 20773K, capacity 21052K, committed 21248K, reserved 1067008K
  class space    used 2844K, capacity 2959K, committed 3072K, reserved 1048576K
}
Event: 2.960 GC heap before
{Heap before GC invocations=7 (full 1):
 PSYoungGen      total 67584K, used 62464K [0x00000000d7d80000, 0x00000000dc480000, 0x0000000100000000)
  eden space 62464K, 100% used [0x00000000d7d80000,0x00000000dba80000,0x00000000dba80000)
  from space 5120K, 0% used [0x00000000dba80000,0x00000000dba80000,0x00000000dbf80000)
  to   space 5120K, 0% used [0x00000000dbf80000,0x00000000dbf80000,0x00000000dc480000)
 ParOldGen       total 58880K, used 8590K [0x0000000087800000, 0x000000008b180000, 0x00000000d7d80000)
  object space 58880K, 14% used [0x0000000087800000,0x0000000088063b80,0x000000008b180000)
 Metaspace       used 25666K, capacity 26398K, committed 26624K, reserved 1073152K
  class space    used 3465K, capacity 3729K, committed 3840K, reserved 1048576K
Event: 2.964 GC heap after
Heap after GC invocations=7 (full 1):
 PSYoungGen      total 67584K, used 5111K [0x00000000d7d80000, 0x00000000dc480000, 0x0000000100000000)
  eden space 62464K, 0% used [0x00000000d7d80000,0x00000000d7d80000,0x00000000dba80000)
  from space 5120K, 99% used [0x00000000dbf80000,0x00000000dc47dc20,0x00000000dc480000)
  to   space 5120K, 0% used [0x00000000dba80000,0x00000000dba80000,0x00000000dbf80000)
 ParOldGen       total 58880K, used 10027K [0x0000000087800000, 0x000000008b180000, 0x00000000d7d80000)
  object space 58880K, 17% used [0x0000000087800000,0x00000000881cadf0,0x000000008b180000)
 Metaspace       used 25666K, capacity 26398K, committed 26624K, reserved 1073152K
  class space    used 3465K, capacity 3729K, committed 3840K, reserved 1048576K
}
Event: 3.687 GC heap before
{Heap before GC invocations=8 (full 1):
 PSYoungGen      total 67584K, used 67575K [0x00000000d7d80000, 0x00000000dc480000, 0x0000000100000000)
  eden space 62464K, 100% used [0x00000000d7d80000,0x00000000dba80000,0x00000000dba80000)
  from space 5120K, 99% used [0x00000000dbf80000,0x00000000dc47dc20,0x00000000dc480000)
  to   space 5120K, 0% used [0x00000000dba80000,0x00000000dba80000,0x00000000dbf80000)
 ParOldGen       total 58880K, used 10027K [0x0000000087800000, 0x000000008b180000, 0x00000000d7d80000)
  object space 58880K, 17% used [0x0000000087800000,0x00000000881cadf0,0x000000008b180000)
 Metaspace       used 30304K, capacity 31112K, committed 31232K, reserved 1075200K
  class space    used 4162K, capacity 4488K, committed 4608K, reserved 1048576K
Event: 3.695 GC heap after
Heap after GC invocations=8 (full 1):
 PSYoungGen      total 67584K, used 5108K [0x00000000d7d80000, 0x00000000dc480000, 0x0000000100000000)
  eden space 62464K, 0% used [0x00000000d7d80000,0x00000000d7d80000,0x00000000dba80000)
  from space 5120K, 99% used [0x00000000dba80000,0x00000000dbf7d010,0x00000000dbf80000)
  to   space 5120K, 0% used [0x00000000dbf80000,0x00000000dbf80000,0x00000000dc480000)
 ParOldGen       total 58880K, used 17273K [0x0000000087800000, 0x000000008b180000, 0x00000000d7d80000)
  object space 58880K, 29% used [0x0000000087800000,0x00000000888de510,0x000000008b180000)
 Metaspace       used 30304K, capacity 31112K, committed 31232K, reserved 1075200K
  class space    used 4162K, capacity 4488K, committed 4608K, reserved 1048576K
}

